<?xml version="1.0" encoding="UTF-8"?>
<testng-results ignored="0" total="1" passed="1" failed="0" skipped="0">
  <reporter-output>
  </reporter-output>
  <suite started-at="2025-07-25T12:51:21 IST" name="Default suite" finished-at="2025-07-25T12:51:37 IST" duration-ms="16326">
    <groups>
    </groups>
    <test started-at="2025-07-25T12:51:21 IST" name="Default test" finished-at="2025-07-25T12:51:37 IST" duration-ms="16326">
      <class name="Pratice.HYRTUTORIALS.Selenium_Practice">
        <test-method is-config="true" signature="brower()[pri:0, instance:Pratice.HYRTUTORIALS.Selenium_Practice@2898ac89]" started-at="2025-07-25T12:51:21 IST" name="brower" finished-at="2025-07-25T12:51:23 IST" duration-ms="2471" status="PASS">
          <reporter-output>
          </reporter-output>
        </test-method> <!-- brower -->
        <test-method signature="selenium()[pri:0, instance:Pratice.HYRTUTORIALS.Selenium_Practice@2898ac89]" started-at="2025-07-25T12:51:24 IST" name="selenium" finished-at="2025-07-25T12:51:37 IST" duration-ms="13171" status="PASS">
          <reporter-output>
          </reporter-output>
        </test-method> <!-- selenium -->
        <test-method is-config="true" signature="add()[pri:0, instance:Pratice.HYRTUTORIALS.Selenium_Practice@2898ac89]" started-at="2025-07-25T12:51:37 IST" name="add" finished-at="2025-07-25T12:51:37 IST" duration-ms="266" status="PASS">
          <reporter-output>
          </reporter-output>
        </test-method> <!-- add -->
        <test-method is-config="true" signature="tear()[pri:0, instance:Pratice.HYRTUTORIALS.Selenium_Practice@2898ac89]" started-at="2025-07-25T12:51:37 IST" name="tear" finished-at="2025-07-25T12:51:37 IST" duration-ms="298" status="PASS">
          <reporter-output>
          </reporter-output>
        </test-method> <!-- tear -->
      </class> <!-- Pratice.HYRTUTORIALS.Selenium_Practice -->
    </test> <!-- Default test -->
  </suite> <!-- Default suite -->
</testng-results>
