<?xml version="1.0" encoding="UTF-8"?>
<!-- Generated by org.testng.reporters.JUnitXMLReporter -->
<testsuite ignored="0" hostname="PavanKiran" failures="0" tests="5" name="Test" time="28.042" errors="0" timestamp="2025-07-01T15:57:38 IST">
  <testcase classname="tests.MouseActionsTest" name="testHoverAction" time="3.887"/>
  <testcase classname="tests.LoginTest" name="loginTest" time="4.599"/>
  <testcase classname="tests.LoginTest" name="loginTest" time="4.36"/>
  <testcase classname="tests.FramesTest" name="testFrameText" time="4.075"/>
  <testcase classname="tests.DropdownTest" name="testDropdownSelect" time="3.443"/>
</testsuite> <!-- Test -->
