<?xml version="1.0" encoding="UTF-8"?>
<testng-results ignored="0" total="1" passed="1" failed="0" skipped="0">
  <reporter-output>
  </reporter-output>
  <suite started-at="2025-07-31T15:20:13 IST" name="Default suite" finished-at="2025-07-31T15:20:54 IST" duration-ms="40672">
    <groups>
    </groups>
    <test started-at="2025-07-31T15:20:13 IST" name="Default test" finished-at="2025-07-31T15:20:54 IST" duration-ms="40672">
      <class name="Pratice.Demowebshop.ComputerLink">
        <test-method is-config="true" signature="browser()[pri:0, instance:Pratice.Demowebshop.ComputerLink@f79e]" started-at="2025-07-31T15:20:13 IST" name="browser" finished-at="2025-07-31T15:20:15 IST" duration-ms="1879" status="PASS">
          <reporter-output>
          </reporter-output>
        </test-method> <!-- browser -->
        <test-method signature="computer()[pri:0, instance:Pratice.Demowebshop.ComputerLink@f79e]" started-at="2025-07-31T15:20:15 IST" name="computer" finished-at="2025-07-31T15:20:54 IST" duration-ms="38463" status="PASS">
          <reporter-output>
          </reporter-output>
        </test-method> <!-- computer -->
        <test-method is-config="true" signature="adds()[pri:0, instance:Pratice.Demowebshop.ComputerLink@f79e]" started-at="2025-07-31T15:20:54 IST" name="adds" finished-at="2025-07-31T15:20:54 IST" duration-ms="63" status="PASS">
          <reporter-output>
          </reporter-output>
        </test-method> <!-- adds -->
        <test-method is-config="true" signature="close()[pri:0, instance:Pratice.Demowebshop.ComputerLink@f79e]" started-at="2025-07-31T15:20:54 IST" name="close" finished-at="2025-07-31T15:20:54 IST" duration-ms="186" status="PASS">
          <reporter-output>
          </reporter-output>
        </test-method> <!-- close -->
      </class> <!-- Pratice.Demowebshop.ComputerLink -->
    </test> <!-- Default test -->
  </suite> <!-- Default suite -->
</testng-results>
