<?xml version="1.0" encoding="UTF-8"?>
<testng-results ignored="0" total="5" passed="5" failed="0" skipped="0">
  <reporter-output>
  </reporter-output>
  <suite started-at="2025-07-01T15:57:10 IST" name="Suite" finished-at="2025-07-01T15:57:38 IST" duration-ms="28042">
    <groups>
    </groups>
    <test started-at="2025-07-01T15:57:10 IST" name="Test" finished-at="2025-07-01T15:57:38 IST" duration-ms="28042">
      <class name="tests.LoginTest">
        <test-method is-config="true" signature="setup()[pri:0, instance:tests.LoginTest@4c39bec8]" started-at="2025-07-01T15:57:16 IST" name="setup" finished-at="2025-07-01T15:57:17 IST" duration-ms="990" status="PASS">
          <reporter-output>
          </reporter-output>
        </test-method> <!-- setup -->
        <test-method signature="loginTest(java.lang.String,java.lang.String,java.lang.String)[pri:0, instance:tests.LoginTest@4c39bec8]" started-at="2025-07-01T15:57:17 IST" name="loginTest" data-provider="loginData" finished-at="2025-07-01T15:57:21 IST" duration-ms="4599" status="PASS">
          <params>
            <param index="0">
              <value>
                <![CDATA[tomsmith]]>
              </value>
            </param>
            <param index="1">
              <value>
                <![CDATA[SuperSecretPassword!]]>
              </value>
            </param>
            <param index="2">
              <value>
                <![CDATA[success]]>
              </value>
            </param>
          </params>
          <reporter-output>
          </reporter-output>
        </test-method> <!-- loginTest -->
        <test-method is-config="true" signature="teardown()[pri:0, instance:tests.LoginTest@4c39bec8]" started-at="2025-07-01T15:57:21 IST" name="teardown" finished-at="2025-07-01T15:57:22 IST" duration-ms="298" status="PASS">
          <reporter-output>
          </reporter-output>
        </test-method> <!-- teardown -->
        <test-method is-config="true" signature="setup()[pri:0, instance:tests.LoginTest@4c39bec8]" started-at="2025-07-01T15:57:22 IST" name="setup" finished-at="2025-07-01T15:57:23 IST" duration-ms="1125" status="PASS">
          <reporter-output>
          </reporter-output>
        </test-method> <!-- setup -->
        <test-method signature="loginTest(java.lang.String,java.lang.String,java.lang.String)[pri:0, instance:tests.LoginTest@4c39bec8]" started-at="2025-07-01T15:57:23 IST" name="loginTest" data-provider="loginData" finished-at="2025-07-01T15:57:27 IST" duration-ms="4360" status="PASS">
          <params>
            <param index="0">
              <value>
                <![CDATA[tomsmith]]>
              </value>
            </param>
            <param index="1">
              <value>
                <![CDATA[wrongpass]]>
              </value>
            </param>
            <param index="2">
              <value>
                <![CDATA[fail]]>
              </value>
            </param>
          </params>
          <reporter-output>
          </reporter-output>
        </test-method> <!-- loginTest -->
        <test-method is-config="true" signature="teardown()[pri:0, instance:tests.LoginTest@4c39bec8]" started-at="2025-07-01T15:57:27 IST" name="teardown" finished-at="2025-07-01T15:57:28 IST" duration-ms="322" status="PASS">
          <reporter-output>
          </reporter-output>
        </test-method> <!-- teardown -->
      </class> <!-- tests.LoginTest -->
      <class name="tests.MouseActionsTest">
        <test-method is-config="true" signature="setup()[pri:0, instance:tests.MouseActionsTest@b2c9a9c]" started-at="2025-07-01T15:57:10 IST" name="setup" finished-at="2025-07-01T15:57:12 IST" duration-ms="1778" status="PASS">
          <reporter-output>
          </reporter-output>
        </test-method> <!-- setup -->
        <test-method signature="testHoverAction()[pri:0, instance:tests.MouseActionsTest@b2c9a9c]" started-at="2025-07-01T15:57:12 IST" name="testHoverAction" finished-at="2025-07-01T15:57:16 IST" duration-ms="3887" status="PASS">
          <reporter-output>
          </reporter-output>
        </test-method> <!-- testHoverAction -->
        <test-method is-config="true" signature="teardown()[pri:0, instance:tests.MouseActionsTest@b2c9a9c]" started-at="2025-07-01T15:57:16 IST" name="teardown" finished-at="2025-07-01T15:57:16 IST" duration-ms="307" status="PASS">
          <reporter-output>
          </reporter-output>
        </test-method> <!-- teardown -->
      </class> <!-- tests.MouseActionsTest -->
      <class name="tests.FramesTest">
        <test-method is-config="true" signature="setup()[pri:0, instance:tests.FramesTest@f79e]" started-at="2025-07-01T15:57:28 IST" name="setup" finished-at="2025-07-01T15:57:29 IST" duration-ms="1029" status="PASS">
          <reporter-output>
          </reporter-output>
        </test-method> <!-- setup -->
        <test-method signature="testFrameText()[pri:0, instance:tests.FramesTest@f79e]" started-at="2025-07-01T15:57:29 IST" name="testFrameText" finished-at="2025-07-01T15:57:33 IST" duration-ms="4075" status="PASS">
          <reporter-output>
          </reporter-output>
        </test-method> <!-- testFrameText -->
        <test-method is-config="true" signature="teardown()[pri:0, instance:tests.FramesTest@f79e]" started-at="2025-07-01T15:57:33 IST" name="teardown" finished-at="2025-07-01T15:57:33 IST" duration-ms="325" status="PASS">
          <reporter-output>
          </reporter-output>
        </test-method> <!-- teardown -->
      </class> <!-- tests.FramesTest -->
      <class name="tests.DropdownTest">
        <test-method is-config="true" signature="setup()[pri:0, instance:tests.DropdownTest@7ee8290b]" started-at="2025-07-01T15:57:33 IST" name="setup" finished-at="2025-07-01T15:57:34 IST" duration-ms="1117" status="PASS">
          <reporter-output>
          </reporter-output>
        </test-method> <!-- setup -->
        <test-method signature="testDropdownSelect()[pri:0, instance:tests.DropdownTest@7ee8290b]" started-at="2025-07-01T15:57:34 IST" name="testDropdownSelect" finished-at="2025-07-01T15:57:38 IST" duration-ms="3443" status="PASS">
          <reporter-output>
          </reporter-output>
        </test-method> <!-- testDropdownSelect -->
        <test-method is-config="true" signature="teardown()[pri:0, instance:tests.DropdownTest@7ee8290b]" started-at="2025-07-01T15:57:38 IST" name="teardown" finished-at="2025-07-01T15:57:38 IST" duration-ms="279" status="PASS">
          <reporter-output>
          </reporter-output>
        </test-method> <!-- teardown -->
      </class> <!-- tests.DropdownTest -->
    </test> <!-- Test -->
  </suite> <!-- Suite -->
</testng-results>
